Starting... (2021-04-15 17:43:32)
Computing initial states...
Finished computing initial states: 1 distinct state generated at 2021-04-15 17:43:33.
Progress(15) at 2021-04-15 17:43:36: 40 387 states generated (40 387 s/min), 17 069 distinct states found (17 069 ds/min), 7 061 states left on queue.
Progress(35) at 2021-04-15 17:44:36: 2 489 020 states generated (2 448 633 s/min), 1 185 900 distinct states found (1 168 831 ds/min), 175 431 states left on queue.
Progress(40) at 2021-04-15 17:45:36: 5 736 461 states generated (3 247 441 s/min), 2 670 677 distinct states found (1 484 777 ds/min), 386 904 states left on queue.
Progress(43) at 2021-04-15 17:46:36: 9 078 097 states generated (3 341 636 s/min), 4 019 276 distinct states found (1 348 599 ds/min), 524 511 states left on queue.
Progress(45) at 2021-04-15 17:47:36: 12 466 489 states generated (3 388 392 s/min), 5 353 826 distinct states found (1 334 550 ds/min), 588 196 states left on queue.
Progress(48) at 2021-04-15 17:48:36: 15 881 033 states generated (3 414 544 s/min), 6 679 426 distinct states found (1 325 600 ds/min), 570 199 states left on queue.
Progress(50) at 2021-04-15 17:49:36: 19 247 748 states generated (3 366 715 s/min), 8 029 408 distinct states found (1 349 982 ds/min), 465 733 states left on queue.
Progress(54) at 2021-04-15 17:50:36: 22 103 125 states generated (2 855 377 s/min), 9 210 728 distinct states found (1 181 320 ds/min), 240 691 states left on queue.
Model checking completed. No error has been found.
  Estimates of the probability that TLC did not check all reachable states
  because two distinct states had the same fingerprint:
  calculated (optimistic):  val = 7.4E-6
  based on the actual fingerprints:  val = 1.1E-4
Progress(70) at 2021-04-15 17:51:17: 23 738 243 states generated (3 059 275 s/min), 9 932 276 distinct states found (1 280 025 ds/min), 0 states left on queue.
23738243 states generated, 9932276 distinct states found, 0 states left on queue.
The depth of the complete state graph search is 70.
The average outdegree of the complete state graph is 1 (minimum is 0, the maximum 10 and the 95th percentile is 5).
Finished in 465573ms at (2021-04-15 17:51:17)
